<?xml version="1.0" encoding="UTF-8"?>
<!-- Generated by org.testng.reporters.JUnitReportReporter -->
<testsuite skipped="0" hostname="114563-T470P" name="com.myframework.Base.LoginPage" tests="1" failures="0" timestamp="16 Dec 2018 03:13:33 GMT" time="0.001" errors="0">
  <testcase name="testmethod1" time="0.001" classname="com.myframework.Base.LoginPage"/>
</testsuite> <!-- com.myframework.Base.LoginPage -->
